
> temp_app@0.1.0 start
> next start -p 4022

▲ Next.js 16.1.6
- Local:         http://localhost:4022
- Network:       http://192.168.25.140:4022

✓ Starting...
⚠ "next start" does not work with "output: standalone" configuration. Use "node .next/standalone/server.js" instead.
✓ Ready in 387ms
prisma:query SELECT "public"."Lead"."id", "public"."Lead"."name", "public"."Lead"."email", "public"."Lead"."phone", "public"."Lead"."company", "public"."Lead"."grade"::text, "public"."Lead"."score", "public"."Lead"."qualificationData" FROM "public"."Lead" WHERE ("public"."Lead"."id" = $1 AND 1=1) LIMIT $2 OFFSET $3
prisma:query SELECT "public"."User"."id", "public"."User"."name", "public"."User"."email", "public"."User"."role"::text, "public"."User"."status"::text FROM "public"."User" WHERE ("public"."User"."id" = $1 AND 1=1) LIMIT $2 OFFSET $3
prisma:query BEGIN
prisma:query SELECT pg_advisory_xact_lock(hashtext($1))
prisma:query ROLLBACK
Error booking meeting: Error [PrismaClientKnownRequestError]: 
Invalid `prisma.$queryRaw()` invocation:


Raw query failed. Code: `N/A`. Message: `Failed to deserialize column of type 'void'. If you're using $queryRaw and this column is explicitly marked as `Unsupported` in your Prisma schema, try casting this column to any supported Prisma type such as `String`.`
    at async (C:\Users\Computador\Desktop\hiper-expansao-crm\.next\server\chunks\[root-of-the-server]__96ffe36e._.js:120:4686)
    at async eT (C:\Users\Computador\Desktop\hiper-expansao-crm\.next\server\chunks\[root-of-the-server]__96ffe36e._.js:120:4609)
    at async l (C:\Users\Computador\Desktop\hiper-expansao-crm\.next\server\chunks\[root-of-the-server]__96ffe36e._.js:120:9468) {
  code: 'P2010',
  meta: [Object],
  clientVersion: '6.19.2'
}
